<?xml version="1.0" encoding="UTF-8"?>
<!-- Generated by org.testng.reporters.JUnitXMLReporter -->
<testsuite ignored="0" hostname="PC10" failures="0" tests="5" name="Default test" time="48.694" errors="0" timestamp="2024-06-15T00:30:14 PDT">
  <testcase classname="Project.Task_Demoblaze_Gargi" name="SignUp" time="6.246"/>
  <testcase classname="Project.Task_Demoblaze_Gargi" name="Login" time="2.619"/>
  <testcase classname="Project.Task_Demoblaze_Gargi" name="AddtoCart" time="21.457"/>
  <testcase classname="Project.Task_Demoblaze_Gargi" name="PlaceOrder" time="11.854"/>
  <testcase classname="Project.Task_Demoblaze_Gargi" name="Printmsg" time="1.576"/>
</testsuite> <!-- Default test -->
